\BOOKMARK [1][-]{tableofcontents.1}{Contents}{}% 1
\BOOKMARK [1][-]{lof.1}{List of Figures}{}% 2
\BOOKMARK [1][-]{lot.1}{List of Tables}{}% 3
\BOOKMARK [1][-]{lol.1}{Listings}{}% 4
\BOOKMARK [1][-]{acronyms.1}{Acronyms}{}% 5
\BOOKMARK [-1][]{part.1}{Background}{}% 6
\BOOKMARK [-1][]{part.2}{Quantitative Methods}{}% 7
\BOOKMARK [0][]{chapter.1}{1 Survey Research}{part.2}% 8
\BOOKMARK [1][-]{section.1.1}{1.1 Introduction}{chapter.1}% 9
\BOOKMARK [1][-]{section.1.2}{1.2 Types of Surveys}{chapter.1}% 10
\BOOKMARK [2][-]{subsection.1.2.1}{1.2.1 Time}{section.1.2}% 11
\BOOKMARK [2][-]{subsection.1.2.2}{1.2.2 Administration}{section.1.2}% 12
\BOOKMARK [1][-]{section.1.3}{1.3 Designing Effective Questionnaires}{chapter.1}% 13
\BOOKMARK [2][-]{subsection.1.3.1}{1.3.1 Anol: Questionnaire Surveys}{section.1.3}% 14
\BOOKMARK [2][-]{subsection.1.3.2}{1.3.2 Asking Effective Questions}{section.1.3}% 15
\BOOKMARK [2][-]{subsection.1.3.3}{1.3.3 Anol: Question Wording}{section.1.3}% 16
\BOOKMARK [2][-]{subsection.1.3.4}{1.3.4 Response Options}{section.1.3}% 17
\BOOKMARK [2][-]{subsection.1.3.5}{1.3.5 Anol: Response Formats}{section.1.3}% 18
\BOOKMARK [2][-]{subsection.1.3.6}{1.3.6 Designing Questionnaires}{section.1.3}% 19
\BOOKMARK [2][-]{subsection.1.3.7}{1.3.7 Anol: Question Sequencing}{section.1.3}% 20
\BOOKMARK [2][-]{subsection.1.3.8}{1.3.8 Anol: Other Golden Rules}{section.1.3}% 21
\BOOKMARK [1][-]{section.1.4}{1.4 Analysis of Survey Data}{chapter.1}% 22
\BOOKMARK [2][-]{subsection.1.4.1}{1.4.1 From Completed Questionnaires to Data}{section.1.4}% 23
\BOOKMARK [2][-]{subsection.1.4.2}{1.4.2 Identifying Patterns}{section.1.4}% 24
\BOOKMARK [2][-]{subsection.1.4.3}{1.4.3 Anol: Biases in Survey Research}{section.1.4}% 25
\BOOKMARK [1][-]{section.1.5}{1.5 Summary}{chapter.1}% 26
\BOOKMARK [-1][]{part.3}{Qualitative Methods}{}% 27
\BOOKMARK [-1][]{part.4}{Mixed Methods}{}% 28
\BOOKMARK [-1][]{part.5}{Reporting}{}% 29
\BOOKMARK [-1][]{part.6}{Appendix}{}% 30
\BOOKMARK [0][]{chapter.2}{2 Appendix}{part.6}% 31
\BOOKMARK [0][]{colophon.0}{Colophon}{part.6}% 32
